<?xml version="1.0" encoding="UTF-8"?>
<!-- Generated by org.testng.reporters.JUnitXMLReporter -->
<testsuite ignored="0" hostname="DESKTOP-2454980" failures="0" tests="5" name="Test" time="6.124" errors="0" timestamp="2022-10-25T21:52:04 CDT">
  <testcase classname="com.employeeTest.EmployeeTest" name="createEmployee" time="1.944"/>
  <testcase classname="com.employeeTest.EmployeeTest" name="deleteWithZERO" time="1.346"/>
  <testcase classname="com.employeeTest.EmployeeTest" name="fetchUser" time="0.821"/>
  <testcase classname="com.employeeTest.EmployeeTest" name="getEmployees" time="0.786"/>
  <testcase classname="com.employeeTest.EmployeeTest" name="deleteEmployee" time="0.595"/>
</testsuite> <!-- Test -->
