<?xml version="1.0" encoding="UTF-8"?>
<testsuite xmlns:xsi="http://www.w3.org/2001/XMLSchema-instance" xsi:schemaLocation="https://maven.apache.org/surefire/maven-surefire-plugin/xsd/surefire-test-report.xsd" name="TestSuite" time="7.185" tests="5" errors="0" skipped="0" failures="0">
  <properties>
[...]
</properties>
  <testcase name="createEmployee" classname="com.employeeTest.EmployeeTest" time="1.945"/>
  <testcase name="deleteWithZERO" classname="com.employeeTest.EmployeeTest" time="1.346"/>
  <testcase name="fetchUser" classname="com.employeeTest.EmployeeTest" time="0.821"/>
  <testcase name="getEmployees" classname="com.employeeTest.EmployeeTest" time="0.826"/>
  <testcase name="deleteEmployee" classname="com.employeeTest.EmployeeTest" time="0.562"/>
</testsuite>